<?xml version="1.0" encoding="UTF-8"?>
<testng-results skipped="0" failed="0" ignored="0" total="1" passed="1">
  <reporter-output>
  </reporter-output>
  <suite name="Suite" duration-ms="19935" started-at="2020-03-12T06:02:56Z" finished-at="2020-03-12T06:03:16Z">
    <groups>
    </groups>
    <test name="Test" duration-ms="19935" started-at="2020-03-12T06:02:56Z" finished-at="2020-03-12T06:03:16Z">
      <class name="mail.Yandex.MainTest">
        <test-method status="PASS" signature="initialize()[pri:0, instance:mail.Yandex.MainTest@32eff876]" name="initialize" is-config="true" duration-ms="6458" started-at="2020-03-12T06:02:56Z" finished-at="2020-03-12T06:03:03Z">
          <reporter-output>
          </reporter-output>
        </test-method> <!-- initialize -->
        <test-method status="PASS" signature="SendingMailTestMethod()[pri:0, instance:mail.Yandex.MainTest@32eff876]" name="SendingMailTestMethod" duration-ms="13415" started-at="2020-03-12T06:03:03Z" finished-at="2020-03-12T06:03:16Z">
          <reporter-output>
          </reporter-output>
        </test-method> <!-- SendingMailTestMethod -->
        <test-method status="PASS" signature="teatdown()[pri:0, instance:mail.Yandex.MainTest@32eff876]" name="teatdown" is-config="true" duration-ms="40" started-at="2020-03-12T06:03:16Z" finished-at="2020-03-12T06:03:16Z">
          <reporter-output>
          </reporter-output>
        </test-method> <!-- teatdown -->
      </class> <!-- mail.Yandex.MainTest -->
    </test> <!-- Test -->
  </suite> <!-- Suite -->
</testng-results>
